0001   1800                      .ORG 1800H
0002   1800             
0003   1800             INITLCD   .EQU 0B64H
0004   1800             PRINTCHAR .EQU 0CCEH
0005   1800             PRINTTEXT .EQU 0CC8H
0006   1800             GOTOXY    .EQU 0CC2H
0007   1800             
0008   1800 CD 64 0B    MAIN      CALL INITLCD
0009   1803                       
0010   1803 21 16 18              LD HL,HELLO
0011   1806 CD C8 0C    	  CALL PRINTTEXT
0012   1809             
0013   1809 26 01       	  LD H,1
0014   180B 2E 00       	  LD L,0   ; X=0, Y=1
0015   180D CD C2 0C    	  CALL GOTOXY
0016   1810             	
0017   1810 2E 41       	  LD L,'A'
0018   1812 CD CE 0C    	  CALL PRINTCHAR
0019   1815             
0020   1815 FF          	  RST 38H
0021   1816             
0022   1816 48 65 6C 6C HELLO    .BYTE "Hello worlds",0
0022   181A 6F 20 77 6F 
0022   181E 72 6C 64 73 
0022   1822 00 
0023   1823             	  
0024   1823                      .END
0025   1823                                 
tasm: Number of errors = 0
