0001   1800                      .ORG 1800H
0002   1800             
0003   1800             INITLCD   .EQU 0B64H
0004   1800             PRINTCHAR  .EQU 0CCEH
0005   1800             PRINTTEXT .EQU 0CC8H
0006   1800             GOTOXY    .EQU 0CC2H
0007   1800             CLEAR     .EQU 0B06H
0008   1800             PRINTHEX  .EQU 0CD4H
0009   1800             
0010   1800             
0011   1800 CD 64 0B    MAIN      CALL INITLCD
0012   1803                               
0013   1803 21 00 18    	  LD HL,1800H
0014   1806 7C          	  LD A,H
0015   1807 E5          	  PUSH HL
0016   1808 CD D4 0C    	  CALL PRINTHEX
0017   180B D1          	  POP DE
0018   180C             	  	  
0019   180C 7B          	  LD A,E
0020   180D CD D4 0C    	  CALL PRINTHEX
0021   1810 2E 3A       	  LD L,':'
0022   1812 CD CE 0C    	  CALL PRINTCHAR
0023   1815                       
0024   1815 06 04       	  LD B,4
0025   1817 1A          LOOP	  LD A,(DE)
0026   1818 CD D4 0C    	  CALL PRINTHEX
0027   181B 2E 20       	  LD L,' '
0028   181D CD CE 0C    	  CALL PRINTCHAR
0029   1820             
0030   1820 13          	  INC DE
0031   1821 10 F4       	  DJNZ LOOP
0032   1823             	  
0033   1823 FF          	  RST 38H
0034   1824             
0035   1824                      .END
0036   1824                                 
tasm: Number of errors = 0
