0001   1800                      .ORG 1800H
0002   1800             
0003   1800             NUMBER1   .EQU 2000H
0004   1800             NUMBER2   .EQU 2002H
0005   1800              
0006   1800             MAIN      
0007   1800 21 00 20              LD HL,NUMBER1
0008   1803 11 02 20              LD DE,NUMBER2
0009   1806             	  
0010   1806 06 02       	  LD B,2
0011   1808 AF          	  XOR A
0012   1809             
0013   1809 1A          LOOP	  LD A,(DE)
0014   180A 8E          	  ADC A,(HL)
0015   180B 77          	  LD (HL),A
0016   180C             
0017   180C 13          	  INC DE
0018   180D 23          	  INC HL
0019   180E             
0020   180E 10 F9       	  DJNZ LOOP
0021   1810             
0022   1810 FF          	  RST 38H
0023   1811             
0024   1811             	 .END
0025   1811                                 
tasm: Number of errors = 0
