0001   1800                      .ORG 1800H
0002   1800             
0003   1800             NUMBER1   .EQU 2000H
0004   1800             NUMBER2   .EQU 2002H
0005   1800              
0006   1800             MAIN      
0007   1800 21 00 20              LD HL,NUMBER1
0008   1803 11 02 20              LD DE,NUMBER2
0009   1806             	  
0010   1806 06 02       	  LD B,2
0011   1808 AF          	  XOR A 
0012   1809             
0013   1809 1A          LOOP	  LD A,(DE)
0014   180A 8E          	  ADC A,(HL)
0015   180B 27          	  DAA
0016   180C 77          	  LD (HL),A
0017   180D             
0018   180D 13          	  INC DE
0019   180E 23          	  INC HL
0020   180F             
0021   180F 10 F8       	  DJNZ LOOP
0022   1811             
0023   1811 FF          	  RST 38H
0024   1812             
0025   1812             	 .END
0026   1812                                 
tasm: Number of errors = 0
