0001   1800                      .ORG 1800H
0002   1800             
0003   1800             GPIO1     .EQU 40H
0004   1800             NUMBER1   .EQU 2000H
0005   1800             NUMBER2   .EQU 2001H
0006   1800              
0007   1800             MAIN      
0008   1800 3A 00 20              LD A,(NUMBER1)
0009   1803 21 01 20              LD HL,NUMBER2
0010   1806 BE          	  CP (HL)
0011   1807 DA 12 18              JP C,LT
0012   180A             
0013   180A CA 17 18    	  JP Z,LTEQ
0014   180D             
0015   180D 3E 03       GT        LD A,3
0016   180F D3 40       	  OUT (GPIO1),A ; CASE 3
0017   1811 FF          	  RST 38H
0018   1812             
0019   1812 3E 01       LT       LD A,1
0020   1814 D3 40       	 OUT (GPIO1),A ; CASE 1
0021   1816 FF                   RST 38H
0022   1817             
0023   1817 3E 02       LTEQ     LD A,2
0024   1819 D3 40                OUT (GPIO1),A ; CASE 2
0025   181B FF          	 RST 38H
0026   181C             	
0027   181C             	 .END
0028   181C                                 
tasm: Number of errors = 0
