0001   1800                      .ORG 1800H
0002   1800                          
0003   1800             ADDISP   .EQU 1FDEH
0004   1800             PORT2    .EQU 02H
0005   1800             GPIO1    .EQU 40H
0006   1800             
0007   1800             ; main code
0008   1800             
0009   1800 21 0E 18    MAIN     LD HL,SERVICE
0010   1803 22 FF 18    	 LD (18FFH),HL ; insert vector
0011   1806 3E 18       	 LD A,18H
0012   1808 ED 47       	 LD I,A      ; high order byte
0013   180A             
0014   180A ED 5E       	 IM 2
0015   180C FB          	 EI
0016   180D             
0017   180D FF          	 RST 38H
0018   180E             
0019   180E             ; interrupt service subroutine
0020   180E             
0021   180E E5          SERVICE  PUSH HL
0022   180F F5          	 PUSH AF
0023   1810             	 
0024   1810 AF          	 XOR A
0025   1811 D3 02       	 OUT (PORT2),A 
0026   1813 2A DE 1F    	 LD HL,(ADDISP) 
0027   1816 7E          	 LD A,(HL)   
0028   1817 D3 40       	 OUT (GPIO1),A 
0029   1819             		 
0030   1819 F1          	 POP AF
0031   181A E1          	 POP HL
0032   181B             	 
0033   181B FB          	 EI
0034   181C ED 4D       	 RETI
0035   181E             
0036   181E                     .END
0037   181E                                 
tasm: Number of errors = 0
