0001   1800                      .ORG 1800H
0002   1800                          
0003   1800             SCAN1    .EQU 0624H
0004   1800             HEX7SEG  .EQU 0678H
0005   1800             
0006   1800 DD 21 13 18 MAIN    LD IX,BUFFER
0007   1804             
0008   1804 CD 24 06    LOOP    CALL SCAN1
0009   1807 30 02               JR NC,SKIP
0010   1809 3E FF       	LD A,0FFH
0011   180B             
0012   180B 21 13 18    SKIP	LD HL,BUFFER
0013   180E CD 78 06    	CALL HEX7SEG
0014   1811 18 F1       	JR LOOP
0015   1813             
0016   1813 00          BUFFER  .BYTE 0
0017   1814 00                  .BYTE 0
0018   1815 00          	.BYTE 0
0019   1816 00          	.BYTE 0
0020   1817 00          	.BYTE 0
0021   1818 00          	.BYTE 0
0022   1819             
0023   1819             	.END
0024   1819                                 
tasm: Number of errors = 0
